#-----------------------------------------------------------
# Vivado v2018.2 (64-bit)
# SW Build 2258646 on Thu Jun 14 20:03:12 MDT 2018
# IP Build 2256618 on Thu Jun 14 22:10:49 MDT 2018
# Start of session at: Mon Mar 15 14:53:04 2021
# Process ID: 1516
# Current directory: C:/Users/rondayvoo/Documents/Vivado/SoundDisplay
# Command line: vivado.exe -gui_launcher_event rodinguilauncherevent14432 C:\Users\rondayvoo\Documents\Vivado\SoundDisplay\SoundDisplay.xpr
# Log file: C:/Users/rondayvoo/Documents/Vivado/SoundDisplay/vivado.log
# Journal file: C:/Users/rondayvoo/Documents/Vivado/SoundDisplay\vivado.jou
#-----------------------------------------------------------
start_gui
open_project C:/Users/rondayvoo/Documents/Vivado/SoundDisplay/SoundDisplay.xpr
Scanning sources...
Finished scanning sources
INFO: [IP_Flow 19-234] Refreshing IP repositories
INFO: [IP_Flow 19-1704] No user IP repositories specified
INFO: [IP_Flow 19-2313] Loaded Vivado IP repository 'C:/Xilinx/Vivado/2018.2/data/ip'.
open_project: Time (s): cpu = 00:00:23 ; elapsed = 00:00:10 . Memory (MB): peak = 808.305 ; gain = 130.344
update_compile_order -fileset sources_1
exit
INFO: [Common 17-206] Exiting Vivado at Mon Mar 15 14:54:07 2021...
