#-----------------------------------------------------------
# Vivado v2018.2 (64-bit)
# SW Build 2258646 on Thu Jun 14 20:03:12 MDT 2018
# IP Build 2256618 on Thu Jun 14 22:10:49 MDT 2018
# Start of session at: Mon Mar 15 14:56:04 2021
# Process ID: 10020
# Current directory: C:/Users/rondayvoo/Documents/Vivado/SoundDisplay
# Command line: vivado.exe -gui_launcher_event rodinguilauncherevent15244 C:\Users\rondayvoo\Documents\Vivado\SoundDisplay\SoundDisplay.xpr
# Log file: C:/Users/rondayvoo/Documents/Vivado/SoundDisplay/vivado.log
# Journal file: C:/Users/rondayvoo/Documents/Vivado/SoundDisplay\vivado.jou
#-----------------------------------------------------------
start_gui
open_project C:/Users/rondayvoo/Documents/Vivado/SoundDisplay/SoundDisplay.xpr
Scanning sources...
Finished scanning sources
INFO: [IP_Flow 19-234] Refreshing IP repositories
INFO: [IP_Flow 19-1704] No user IP repositories specified
INFO: [IP_Flow 19-2313] Loaded Vivado IP repository 'C:/Xilinx/Vivado/2018.2/data/ip'.
open_project: Time (s): cpu = 00:00:22 ; elapsed = 00:00:09 . Memory (MB): peak = 783.387 ; gain = 88.328
update_compile_order -fileset sources_1
reset_run synth_1
launch_runs impl_1 -to_step write_bitstream -jobs 4
[Mon Mar 15 15:03:21 2021] Launched synth_1...
Run output will be captured here: C:/Users/rondayvoo/Documents/Vivado/SoundDisplay/SoundDisplay.runs/synth_1/runme.log
[Mon Mar 15 15:03:21 2021] Launched impl_1...
Run output will be captured here: C:/Users/rondayvoo/Documents/Vivado/SoundDisplay/SoundDisplay.runs/impl_1/runme.log
exit
INFO: [Common 17-206] Exiting Vivado at Mon Mar 15 16:30:24 2021...
