#-----------------------------------------------------------
# Vivado v2018.2 (64-bit)
# SW Build 2258646 on Thu Jun 14 20:03:12 MDT 2018
# IP Build 2256618 on Thu Jun 14 22:10:49 MDT 2018
# Start of session at: Mon Mar  8 21:54:27 2021
# Process ID: 13216
# Current directory: C:/Users/rondayvoo/Documents/Vivado/SoundDisplay
# Command line: vivado.exe -gui_launcher_event rodinguilauncherevent15780 C:\Users\rondayvoo\Documents\Vivado\SoundDisplay\SoundDisplay.xpr
# Log file: C:/Users/rondayvoo/Documents/Vivado/SoundDisplay/vivado.log
# Journal file: C:/Users/rondayvoo/Documents/Vivado/SoundDisplay\vivado.jou
#-----------------------------------------------------------
start_gui
open_project C:/Users/rondayvoo/Documents/Vivado/SoundDisplay/SoundDisplay.xpr
INFO: [Project 1-313] Project file moved from 'C:/Users/Christopher/Desktop/SoundDisplay' since last save.
Scanning sources...
Finished scanning sources
INFO: [IP_Flow 19-234] Refreshing IP repositories
INFO: [IP_Flow 19-1704] No user IP repositories specified
INFO: [IP_Flow 19-2313] Loaded Vivado IP repository 'C:/Xilinx/Vivado/2018.2/data/ip'.
open_project: Time (s): cpu = 00:00:09 ; elapsed = 00:00:07 . Memory (MB): peak = 801.188 ; gain = 54.762
update_compile_order -fileset sources_1
exit
INFO: [Common 17-206] Exiting Vivado at Mon Mar  8 22:49:39 2021...
