
*** Running vivado
    with args -log Top_Student.vds -m64 -product Vivado -mode batch -messageDb vivado.pb -notrace -source Top_Student.tcl


****** Vivado v2018.2 (64-bit)
  **** SW Build 2258646 on Thu Jun 14 20:03:12 MDT 2018
  **** IP Build 2256618 on Thu Jun 14 22:10:49 MDT 2018
    ** Copyright 1986-2018 Xilinx, Inc. All Rights Reserved.

source Top_Student.tcl -notrace
Command: synth_design -top Top_Student -part xc7a35tcpg236-1
Starting synth_design
Attempting to get a license for feature 'Synthesis' and/or device 'xc7a35t'
INFO: [Common 17-349] Got license for feature 'Synthesis' and/or device 'xc7a35t'
INFO: Launching helper process for spawning children vivado processes
INFO: Helper process launched with PID 18036 
---------------------------------------------------------------------------------
Starting RTL Elaboration : Time (s): cpu = 00:00:03 ; elapsed = 00:00:02 . Memory (MB): peak = 356.047 ; gain = 99.074
---------------------------------------------------------------------------------
INFO: [Synth 8-6157] synthesizing module 'Top_Student' [C:/Users/rondayvoo/Documents/Vivado/SoundDisplay/SoundDisplay.srcs/sources_1/new/Top_Student.v:18]
INFO: [Synth 8-6157] synthesizing module 'Audio_Capture' [C:/Users/rondayvoo/Documents/Vivado/SoundDisplay/SoundDisplay.srcs/sources_1/new/Audio_Capture.v:25]
INFO: [Synth 8-6155] done synthesizing module 'Audio_Capture' (1#1) [C:/Users/rondayvoo/Documents/Vivado/SoundDisplay/SoundDisplay.srcs/sources_1/new/Audio_Capture.v:25]
INFO: [Synth 8-6157] synthesizing module 'Oled_Display' [C:/Users/rondayvoo/Documents/Vivado/SoundDisplay/SoundDisplay.srcs/sources_1/new/Oled_Display.v:36]
	Parameter Width bound to: 96 - type: integer 
	Parameter Height bound to: 64 - type: integer 
	Parameter PixelCount bound to: 6144 - type: integer 
	Parameter PixelCountWidth bound to: 13 - type: integer 
	Parameter ClkFreq bound to: 6250000 - type: integer 
	Parameter FrameFreq bound to: 60 - type: integer 
	Parameter FrameDiv bound to: 104166 - type: integer 
	Parameter FrameDivWidth bound to: 17 - type: integer 
	Parameter PowerDelay bound to: 20 - type: integer 
	Parameter ResetDelay bound to: 3 - type: integer 
	Parameter VccEnDelay bound to: 20 - type: integer 
	Parameter StartupCompleteDelay bound to: 100 - type: integer 
	Parameter MaxDelay bound to: 100 - type: integer 
	Parameter MaxDelayCount bound to: 625000 - type: integer 
	Parameter StateCount bound to: 32 - type: integer 
	Parameter StateWidth bound to: 5 - type: integer 
	Parameter PowerUp bound to: 5'b00000 
	Parameter Reset bound to: 5'b00001 
	Parameter ReleaseReset bound to: 5'b00011 
	Parameter EnableDriver bound to: 5'b00010 
	Parameter DisplayOff bound to: 5'b00110 
	Parameter SetRemapDisplayFormat bound to: 5'b00111 
	Parameter SetStartLine bound to: 5'b00101 
	Parameter SetOffset bound to: 5'b00100 
	Parameter SetNormalDisplay bound to: 5'b01100 
	Parameter SetMultiplexRatio bound to: 5'b01101 
	Parameter SetMasterConfiguration bound to: 5'b01111 
	Parameter DisablePowerSave bound to: 5'b01110 
	Parameter SetPhaseAdjust bound to: 5'b01010 
	Parameter SetDisplayClock bound to: 5'b01011 
	Parameter SetSecondPrechargeA bound to: 5'b01001 
	Parameter SetSecondPrechargeB bound to: 5'b01000 
	Parameter SetSecondPrechargeC bound to: 5'b11000 
	Parameter SetPrechargeLevel bound to: 5'b11001 
	Parameter SetVCOMH bound to: 5'b11011 
	Parameter SetMasterCurrent bound to: 5'b11010 
	Parameter SetContrastA bound to: 5'b11110 
	Parameter SetContrastB bound to: 5'b11111 
	Parameter SetContrastC bound to: 5'b11101 
	Parameter DisableScrolling bound to: 5'b11100 
	Parameter ClearScreen bound to: 5'b10100 
	Parameter VccEn bound to: 5'b10101 
	Parameter DisplayOn bound to: 5'b10111 
	Parameter PrepareNextFrame bound to: 5'b10110 
	Parameter SetColAddress bound to: 5'b10010 
	Parameter SetRowAddress bound to: 5'b10011 
	Parameter WaitNextFrame bound to: 5'b10001 
	Parameter SendPixel bound to: 5'b10000 
	Parameter SpiCommandMaxWidth bound to: 40 - type: integer 
	Parameter SpiCommandBitCountWidth bound to: 6 - type: integer 
INFO: [Synth 8-226] default block is never used [C:/Users/rondayvoo/Documents/Vivado/SoundDisplay/SoundDisplay.srcs/sources_1/new/Oled_Display.v:124]
INFO: [Synth 8-226] default block is never used [C:/Users/rondayvoo/Documents/Vivado/SoundDisplay/SoundDisplay.srcs/sources_1/new/Oled_Display.v:201]
WARNING: [Synth 8-693] zero replication count - replication ignored [C:/Users/rondayvoo/Documents/Vivado/SoundDisplay/SoundDisplay.srcs/sources_1/new/Oled_Display.v:349]
INFO: [Synth 8-6155] done synthesizing module 'Oled_Display' (2#1) [C:/Users/rondayvoo/Documents/Vivado/SoundDisplay/SoundDisplay.srcs/sources_1/new/Oled_Display.v:36]
WARNING: [Synth 8-350] instance 'display' of module 'Oled_Display' requires 15 connections, but only 14 given [C:/Users/rondayvoo/Documents/Vivado/SoundDisplay/SoundDisplay.srcs/sources_1/new/Top_Student.v:51]
INFO: [Synth 8-6157] synthesizing module 'SPO' [C:/Users/rondayvoo/Documents/Vivado/SoundDisplay/SoundDisplay.srcs/sources_1/new/SPO.v:23]
INFO: [Synth 8-6157] synthesizing module 'dFlip' [C:/Users/rondayvoo/Documents/Vivado/SoundDisplay/SoundDisplay.srcs/sources_1/new/dFlip.v:23]
INFO: [Synth 8-6155] done synthesizing module 'dFlip' (3#1) [C:/Users/rondayvoo/Documents/Vivado/SoundDisplay/SoundDisplay.srcs/sources_1/new/dFlip.v:23]
INFO: [Synth 8-6155] done synthesizing module 'SPO' (4#1) [C:/Users/rondayvoo/Documents/Vivado/SoundDisplay/SoundDisplay.srcs/sources_1/new/SPO.v:23]
INFO: [Synth 8-6155] done synthesizing module 'Top_Student' (5#1) [C:/Users/rondayvoo/Documents/Vivado/SoundDisplay/SoundDisplay.srcs/sources_1/new/Top_Student.v:18]
WARNING: [Synth 8-3331] design Top_Student has unconnected port led[15]
WARNING: [Synth 8-3331] design Top_Student has unconnected port led[14]
WARNING: [Synth 8-3331] design Top_Student has unconnected port led[13]
WARNING: [Synth 8-3331] design Top_Student has unconnected port led[12]
WARNING: [Synth 8-3331] design Top_Student has unconnected port JC[2]
WARNING: [Synth 8-3331] design Top_Student has unconnected port sw[15]
WARNING: [Synth 8-3331] design Top_Student has unconnected port sw[14]
WARNING: [Synth 8-3331] design Top_Student has unconnected port sw[13]
WARNING: [Synth 8-3331] design Top_Student has unconnected port sw[12]
WARNING: [Synth 8-3331] design Top_Student has unconnected port sw[11]
WARNING: [Synth 8-3331] design Top_Student has unconnected port sw[10]
WARNING: [Synth 8-3331] design Top_Student has unconnected port sw[9]
WARNING: [Synth 8-3331] design Top_Student has unconnected port sw[8]
WARNING: [Synth 8-3331] design Top_Student has unconnected port sw[7]
WARNING: [Synth 8-3331] design Top_Student has unconnected port sw[6]
WARNING: [Synth 8-3331] design Top_Student has unconnected port sw[5]
WARNING: [Synth 8-3331] design Top_Student has unconnected port sw[4]
WARNING: [Synth 8-3331] design Top_Student has unconnected port sw[3]
WARNING: [Synth 8-3331] design Top_Student has unconnected port sw[2]
WARNING: [Synth 8-3331] design Top_Student has unconnected port sw[1]
WARNING: [Synth 8-3331] design Top_Student has unconnected port btnD
WARNING: [Synth 8-3331] design Top_Student has unconnected port btnL
WARNING: [Synth 8-3331] design Top_Student has unconnected port btnR
WARNING: [Synth 8-3331] design Top_Student has unconnected port btnU
---------------------------------------------------------------------------------
Finished RTL Elaboration : Time (s): cpu = 00:00:03 ; elapsed = 00:00:03 . Memory (MB): peak = 411.359 ; gain = 154.387
---------------------------------------------------------------------------------

Report Check Netlist: 
+------+------------------+-------+---------+-------+------------------+
|      |Item              |Errors |Warnings |Status |Description       |
+------+------------------+-------+---------+-------+------------------+
|1     |multi_driven_nets |      0|        0|Passed |Multi driven nets |
+------+------------------+-------+---------+-------+------------------+
---------------------------------------------------------------------------------
Start Handling Custom Attributes
---------------------------------------------------------------------------------
---------------------------------------------------------------------------------
Finished Handling Custom Attributes : Time (s): cpu = 00:00:04 ; elapsed = 00:00:03 . Memory (MB): peak = 411.359 ; gain = 154.387
---------------------------------------------------------------------------------
---------------------------------------------------------------------------------
Finished RTL Optimization Phase 1 : Time (s): cpu = 00:00:04 ; elapsed = 00:00:03 . Memory (MB): peak = 411.359 ; gain = 154.387
---------------------------------------------------------------------------------
INFO: [Device 21-403] Loading part xc7a35tcpg236-1
INFO: [Project 1-570] Preparing netlist for logic optimization

Processing XDC Constraints
Initializing timing engine
Parsing XDC File [C:/Users/rondayvoo/Documents/Vivado/SoundDisplay/SoundDisplay.srcs/constrs_1/new/Basys3_Master.xdc]
WARNING: [Vivado 12-584] No ports matched 'JB[0]'. [C:/Users/rondayvoo/Documents/Vivado/SoundDisplay/SoundDisplay.srcs/constrs_1/new/Basys3_Master.xdc:154]
CRITICAL WARNING: [Common 17-55] 'set_property' expects at least one object. [C:/Users/rondayvoo/Documents/Vivado/SoundDisplay/SoundDisplay.srcs/constrs_1/new/Basys3_Master.xdc:154]
Resolution: If [get_<value>] was used to populate the object, check to make sure this command returns at least one valid object.
WARNING: [Vivado 12-584] No ports matched 'JB[0]'. [C:/Users/rondayvoo/Documents/Vivado/SoundDisplay/SoundDisplay.srcs/constrs_1/new/Basys3_Master.xdc:155]
CRITICAL WARNING: [Common 17-55] 'set_property' expects at least one object. [C:/Users/rondayvoo/Documents/Vivado/SoundDisplay/SoundDisplay.srcs/constrs_1/new/Basys3_Master.xdc:155]
Resolution: If [get_<value>] was used to populate the object, check to make sure this command returns at least one valid object.
WARNING: [Vivado 12-584] No ports matched 'JB[1]'. [C:/Users/rondayvoo/Documents/Vivado/SoundDisplay/SoundDisplay.srcs/constrs_1/new/Basys3_Master.xdc:157]
CRITICAL WARNING: [Common 17-55] 'set_property' expects at least one object. [C:/Users/rondayvoo/Documents/Vivado/SoundDisplay/SoundDisplay.srcs/constrs_1/new/Basys3_Master.xdc:157]
Resolution: If [get_<value>] was used to populate the object, check to make sure this command returns at least one valid object.
WARNING: [Vivado 12-584] No ports matched 'JB[1]'. [C:/Users/rondayvoo/Documents/Vivado/SoundDisplay/SoundDisplay.srcs/constrs_1/new/Basys3_Master.xdc:158]
CRITICAL WARNING: [Common 17-55] 'set_property' expects at least one object. [C:/Users/rondayvoo/Documents/Vivado/SoundDisplay/SoundDisplay.srcs/constrs_1/new/Basys3_Master.xdc:158]
Resolution: If [get_<value>] was used to populate the object, check to make sure this command returns at least one valid object.
WARNING: [Vivado 12-584] No ports matched 'JB[2]'. [C:/Users/rondayvoo/Documents/Vivado/SoundDisplay/SoundDisplay.srcs/constrs_1/new/Basys3_Master.xdc:160]
CRITICAL WARNING: [Common 17-55] 'set_property' expects at least one object. [C:/Users/rondayvoo/Documents/Vivado/SoundDisplay/SoundDisplay.srcs/constrs_1/new/Basys3_Master.xdc:160]
Resolution: If [get_<value>] was used to populate the object, check to make sure this command returns at least one valid object.
WARNING: [Vivado 12-584] No ports matched 'JB[2]'. [C:/Users/rondayvoo/Documents/Vivado/SoundDisplay/SoundDisplay.srcs/constrs_1/new/Basys3_Master.xdc:161]
CRITICAL WARNING: [Common 17-55] 'set_property' expects at least one object. [C:/Users/rondayvoo/Documents/Vivado/SoundDisplay/SoundDisplay.srcs/constrs_1/new/Basys3_Master.xdc:161]
Resolution: If [get_<value>] was used to populate the object, check to make sure this command returns at least one valid object.
WARNING: [Vivado 12-584] No ports matched 'JB[3]'. [C:/Users/rondayvoo/Documents/Vivado/SoundDisplay/SoundDisplay.srcs/constrs_1/new/Basys3_Master.xdc:163]
CRITICAL WARNING: [Common 17-55] 'set_property' expects at least one object. [C:/Users/rondayvoo/Documents/Vivado/SoundDisplay/SoundDisplay.srcs/constrs_1/new/Basys3_Master.xdc:163]
Resolution: If [get_<value>] was used to populate the object, check to make sure this command returns at least one valid object.
WARNING: [Vivado 12-584] No ports matched 'JB[3]'. [C:/Users/rondayvoo/Documents/Vivado/SoundDisplay/SoundDisplay.srcs/constrs_1/new/Basys3_Master.xdc:164]
CRITICAL WARNING: [Common 17-55] 'set_property' expects at least one object. [C:/Users/rondayvoo/Documents/Vivado/SoundDisplay/SoundDisplay.srcs/constrs_1/new/Basys3_Master.xdc:164]
Resolution: If [get_<value>] was used to populate the object, check to make sure this command returns at least one valid object.
WARNING: [Vivado 12-584] No ports matched 'JB[5]'. [C:/Users/rondayvoo/Documents/Vivado/SoundDisplay/SoundDisplay.srcs/constrs_1/new/Basys3_Master.xdc:169]
CRITICAL WARNING: [Common 17-55] 'set_property' expects at least one object. [C:/Users/rondayvoo/Documents/Vivado/SoundDisplay/SoundDisplay.srcs/constrs_1/new/Basys3_Master.xdc:169]
Resolution: If [get_<value>] was used to populate the object, check to make sure this command returns at least one valid object.
WARNING: [Vivado 12-584] No ports matched 'JB[5]'. [C:/Users/rondayvoo/Documents/Vivado/SoundDisplay/SoundDisplay.srcs/constrs_1/new/Basys3_Master.xdc:170]
CRITICAL WARNING: [Common 17-55] 'set_property' expects at least one object. [C:/Users/rondayvoo/Documents/Vivado/SoundDisplay/SoundDisplay.srcs/constrs_1/new/Basys3_Master.xdc:170]
Resolution: If [get_<value>] was used to populate the object, check to make sure this command returns at least one valid object.
Finished Parsing XDC File [C:/Users/rondayvoo/Documents/Vivado/SoundDisplay/SoundDisplay.srcs/constrs_1/new/Basys3_Master.xdc]
INFO: [Project 1-236] Implementation specific constraints were found while reading constraint file [C:/Users/rondayvoo/Documents/Vivado/SoundDisplay/SoundDisplay.srcs/constrs_1/new/Basys3_Master.xdc]. These constraints will be ignored for synthesis but will be used in implementation. Impacted constraints are listed in the file [.Xil/Top_Student_propImpl.xdc].
Resolution: To avoid this warning, move constraints listed in [.Xil/Top_Student_propImpl.xdc] to another XDC file and exclude this new file from synthesis with the used_in_synthesis property (File Properties dialog in GUI) and re-run elaboration/synthesis.
Completed Processing XDC Constraints

INFO: [Project 1-111] Unisim Transformation Summary:
No Unisim elements were transformed.

Constraint Validation Runtime : Time (s): cpu = 00:00:00 ; elapsed = 00:00:00.003 . Memory (MB): peak = 712.793 ; gain = 0.000
---------------------------------------------------------------------------------
Finished Constraint Validation : Time (s): cpu = 00:00:12 ; elapsed = 00:00:13 . Memory (MB): peak = 712.793 ; gain = 455.820
---------------------------------------------------------------------------------
---------------------------------------------------------------------------------
Start Loading Part and Timing Information
---------------------------------------------------------------------------------
Loading part: xc7a35tcpg236-1
---------------------------------------------------------------------------------
Finished Loading Part and Timing Information : Time (s): cpu = 00:00:12 ; elapsed = 00:00:13 . Memory (MB): peak = 712.793 ; gain = 455.820
---------------------------------------------------------------------------------
---------------------------------------------------------------------------------
Start Applying 'set_property' XDC Constraints
---------------------------------------------------------------------------------
---------------------------------------------------------------------------------
Finished applying 'set_property' XDC Constraints : Time (s): cpu = 00:00:12 ; elapsed = 00:00:13 . Memory (MB): peak = 712.793 ; gain = 455.820
---------------------------------------------------------------------------------
INFO: [Synth 8-802] inferred FSM for state register 'state_reg' in module 'Oled_Display'
INFO: [Synth 8-5546] ROM "fsm_next_state0" won't be mapped to RAM because it is too sparse
INFO: [Synth 8-5544] ROM "fsm_next_state0" won't be mapped to Block RAM because address size (1) smaller than threshold (5)
INFO: [Synth 8-5546] ROM "fsm_next_state0" won't be mapped to RAM because it is too sparse
INFO: [Synth 8-5546] ROM "clk20k0" won't be mapped to RAM because it is too sparse
---------------------------------------------------------------------------------------------------
                   State |                     New Encoding |                Previous Encoding 
---------------------------------------------------------------------------------------------------
                 PowerUp | 00000000100000000000000000000000 |                            00000
                   Reset | 00000000000100000000000000000000 |                            00001
            ReleaseReset | 00000000000000000000100000000000 |                            00011
            EnableDriver | 00000000000000000001000000000000 |                            00010
              DisplayOff | 00000000000000000100000000000000 |                            00110
   SetRemapDisplayFormat | 00000100000000000000000000000000 |                            00111
            SetStartLine | 00001000000000000000000000000000 |                            00101
               SetOffset | 10000000000000000000000000000000 |                            00100
        SetNormalDisplay | 00000000000000000000000010000000 |                            01100
       SetMultiplexRatio | 00000000000000000000000000100000 |                            01101
  SetMasterConfiguration | 00000000000000000000000001000000 |                            01111
        DisablePowerSave | 00000000000000000000000000000100 |                            01110
          SetPhaseAdjust | 00000000000000000000000000001000 |                            01010
         SetDisplayClock | 00000000001000000000000000000000 |                            01011
     SetSecondPrechargeA | 00000000010000000000000000000000 |                            01001
     SetSecondPrechargeB | 01000000000000000000000000000000 |                            01000
     SetSecondPrechargeC | 00000010000000000000000000000000 |                            11000
       SetPrechargeLevel | 00000001000000000000000000000000 |                            11001
                SetVCOMH | 00000000000000010000000000000000 |                            11011
        SetMasterCurrent | 00000000000000100000000000000000 |                            11010
            SetContrastA | 00000000000001000000000000000000 |                            11110
            SetContrastB | 00100000000000000000000000000000 |                            11111
            SetContrastC | 00000000000000000000000000000001 |                            11101
        DisableScrolling | 00000000000000000000000000000010 |                            11100
             ClearScreen | 00000000000000000000000000010000 |                            10100
                   VccEn | 00010000000000000000000000000000 |                            10101
               DisplayOn | 00000000000010000000000000000000 |                            10111
        PrepareNextFrame | 00000000000000001000000000000000 |                            10110
           SetColAddress | 00000000000000000000010000000000 |                            10010
           SetRowAddress | 00000000000000000000000100000000 |                            10011
           WaitNextFrame | 00000000000000000000001000000000 |                            10001
               SendPixel | 00000000000000000010000000000000 |                            10000
---------------------------------------------------------------------------------------------------
INFO: [Synth 8-3354] encoded FSM with state register 'state_reg' using encoding 'one-hot' in module 'Oled_Display'
---------------------------------------------------------------------------------
Finished RTL Optimization Phase 2 : Time (s): cpu = 00:00:12 ; elapsed = 00:00:14 . Memory (MB): peak = 712.793 ; gain = 455.820
---------------------------------------------------------------------------------

Report RTL Partitions: 
+-+--------------+------------+----------+
| |RTL Partition |Replication |Instances |
+-+--------------+------------+----------+
+-+--------------+------------+----------+
---------------------------------------------------------------------------------
Start RTL Component Statistics 
---------------------------------------------------------------------------------
Detailed RTL Component Info : 
+---Adders : 
	   2 Input     17 Bit       Adders := 1     
	   2 Input     12 Bit       Adders := 1     
	   2 Input      6 Bit       Adders := 1     
	   2 Input      3 Bit       Adders := 1     
+---Registers : 
	               40 Bit    Registers := 1     
	               17 Bit    Registers := 1     
	               16 Bit    Registers := 1     
	               12 Bit    Registers := 3     
	                6 Bit    Registers := 1     
	                3 Bit    Registers := 1     
	                1 Bit    Registers := 7     
+---Muxes : 
	   2 Input     40 Bit        Muxes := 3     
	  32 Input     32 Bit        Muxes := 1     
	   2 Input     32 Bit        Muxes := 2     
	  32 Input     20 Bit        Muxes := 1     
	   2 Input     17 Bit        Muxes := 1     
	   2 Input     12 Bit        Muxes := 2     
	  32 Input      6 Bit        Muxes := 1     
	   2 Input      6 Bit        Muxes := 1     
	   2 Input      5 Bit        Muxes := 2     
	  32 Input      5 Bit        Muxes := 2     
	   2 Input      1 Bit        Muxes := 3     
---------------------------------------------------------------------------------
Finished RTL Component Statistics 
---------------------------------------------------------------------------------
---------------------------------------------------------------------------------
Start RTL Hierarchical Component Statistics 
---------------------------------------------------------------------------------
Hierarchical RTL Component report 
Module Top_Student 
Detailed RTL Component Info : 
+---Adders : 
	   2 Input     12 Bit       Adders := 1     
	   2 Input      3 Bit       Adders := 1     
+---Registers : 
	               16 Bit    Registers := 1     
	               12 Bit    Registers := 1     
	                3 Bit    Registers := 1     
	                1 Bit    Registers := 2     
+---Muxes : 
	   2 Input     12 Bit        Muxes := 2     
	   2 Input      1 Bit        Muxes := 1     
Module Audio_Capture 
Detailed RTL Component Info : 
+---Registers : 
	               12 Bit    Registers := 2     
	                1 Bit    Registers := 1     
Module Oled_Display 
Detailed RTL Component Info : 
+---Adders : 
	   2 Input     17 Bit       Adders := 1     
	   2 Input      6 Bit       Adders := 1     
+---Registers : 
	               40 Bit    Registers := 1     
	               17 Bit    Registers := 1     
	                6 Bit    Registers := 1     
+---Muxes : 
	   2 Input     40 Bit        Muxes := 3     
	  32 Input     32 Bit        Muxes := 1     
	   2 Input     32 Bit        Muxes := 2     
	  32 Input     20 Bit        Muxes := 1     
	   2 Input     17 Bit        Muxes := 1     
	  32 Input      6 Bit        Muxes := 1     
	   2 Input      6 Bit        Muxes := 1     
	   2 Input      5 Bit        Muxes := 2     
	  32 Input      5 Bit        Muxes := 2     
	   2 Input      1 Bit        Muxes := 2     
Module dFlip 
Detailed RTL Component Info : 
+---Registers : 
	                1 Bit    Registers := 1     
---------------------------------------------------------------------------------
Finished RTL Hierarchical Component Statistics
---------------------------------------------------------------------------------
---------------------------------------------------------------------------------
Start Part Resource Summary
---------------------------------------------------------------------------------
Part Resources:
DSPs: 90 (col length:60)
BRAMs: 100 (col length: RAMB18 60 RAMB36 30)
---------------------------------------------------------------------------------
Finished Part Resource Summary
---------------------------------------------------------------------------------
---------------------------------------------------------------------------------
Start Cross Boundary and Area Optimization
---------------------------------------------------------------------------------
Warning: Parallel synthesis criteria is not met 
INFO: [Synth 8-5546] ROM "display/fsm_next_state0" won't be mapped to RAM because it is too sparse
INFO: [Synth 8-5546] ROM "display/fsm_next_state0" won't be mapped to RAM because it is too sparse
INFO: [Synth 8-5546] ROM "clk20k0" won't be mapped to RAM because it is too sparse
WARNING: [Synth 8-3331] design Top_Student has unconnected port led[15]
WARNING: [Synth 8-3331] design Top_Student has unconnected port led[14]
WARNING: [Synth 8-3331] design Top_Student has unconnected port led[13]
WARNING: [Synth 8-3331] design Top_Student has unconnected port led[12]
WARNING: [Synth 8-3331] design Top_Student has unconnected port JC[2]
WARNING: [Synth 8-3331] design Top_Student has unconnected port sw[15]
WARNING: [Synth 8-3331] design Top_Student has unconnected port sw[14]
WARNING: [Synth 8-3331] design Top_Student has unconnected port sw[13]
WARNING: [Synth 8-3331] design Top_Student has unconnected port sw[12]
WARNING: [Synth 8-3331] design Top_Student has unconnected port sw[11]
WARNING: [Synth 8-3331] design Top_Student has unconnected port sw[10]
WARNING: [Synth 8-3331] design Top_Student has unconnected port sw[9]
WARNING: [Synth 8-3331] design Top_Student has unconnected port sw[8]
WARNING: [Synth 8-3331] design Top_Student has unconnected port sw[7]
WARNING: [Synth 8-3331] design Top_Student has unconnected port sw[6]
WARNING: [Synth 8-3331] design Top_Student has unconnected port sw[5]
WARNING: [Synth 8-3331] design Top_Student has unconnected port sw[4]
WARNING: [Synth 8-3331] design Top_Student has unconnected port sw[3]
WARNING: [Synth 8-3331] design Top_Student has unconnected port sw[2]
WARNING: [Synth 8-3331] design Top_Student has unconnected port sw[1]
WARNING: [Synth 8-3331] design Top_Student has unconnected port btnD
WARNING: [Synth 8-3331] design Top_Student has unconnected port btnL
WARNING: [Synth 8-3331] design Top_Student has unconnected port btnR
WARNING: [Synth 8-3331] design Top_Student has unconnected port btnU
INFO: [Synth 8-3886] merging instance 'oled_data_reg[0]' (FD) to 'oled_data_reg[6]'
INFO: [Synth 8-3886] merging instance 'oled_data_reg[1]' (FD) to 'oled_data_reg[7]'
INFO: [Synth 8-3886] merging instance 'oled_data_reg[2]' (FD) to 'oled_data_reg[8]'
INFO: [Synth 8-3886] merging instance 'oled_data_reg[3]' (FD) to 'oled_data_reg[9]'
INFO: [Synth 8-3886] merging instance 'oled_data_reg[4]' (FD) to 'oled_data_reg[10]'
INFO: [Synth 8-3886] merging instance 'oled_data_reg[6]' (FD) to 'oled_data_reg[11]'
INFO: [Synth 8-3886] merging instance 'oled_data_reg[7]' (FD) to 'oled_data_reg[12]'
INFO: [Synth 8-3886] merging instance 'oled_data_reg[8]' (FD) to 'oled_data_reg[13]'
INFO: [Synth 8-3886] merging instance 'oled_data_reg[9]' (FD) to 'oled_data_reg[14]'
INFO: [Synth 8-3886] merging instance 'oled_data_reg[10]' (FD) to 'oled_data_reg[15]'
INFO: [Synth 8-3333] propagating constant 0 across sequential element (\oled_data_reg[15] )
WARNING: [Synth 8-3332] Sequential element (oled_data_reg[15]) is unused and will be removed from module Top_Student.
---------------------------------------------------------------------------------
Finished Cross Boundary and Area Optimization : Time (s): cpu = 00:00:15 ; elapsed = 00:00:16 . Memory (MB): peak = 712.793 ; gain = 455.820
---------------------------------------------------------------------------------

Report RTL Partitions: 
+-+--------------+------------+----------+
| |RTL Partition |Replication |Instances |
+-+--------------+------------+----------+
+-+--------------+------------+----------+
---------------------------------------------------------------------------------
Start Applying XDC Timing Constraints
---------------------------------------------------------------------------------
---------------------------------------------------------------------------------
Finished Applying XDC Timing Constraints : Time (s): cpu = 00:00:23 ; elapsed = 00:00:25 . Memory (MB): peak = 737.621 ; gain = 480.648
---------------------------------------------------------------------------------
---------------------------------------------------------------------------------
Start Timing Optimization
---------------------------------------------------------------------------------
---------------------------------------------------------------------------------
Finished Timing Optimization : Time (s): cpu = 00:00:23 ; elapsed = 00:00:26 . Memory (MB): peak = 757.695 ; gain = 500.723
---------------------------------------------------------------------------------

Report RTL Partitions: 
+-+--------------+------------+----------+
| |RTL Partition |Replication |Instances |
+-+--------------+------------+----------+
+-+--------------+------------+----------+
---------------------------------------------------------------------------------
Start Technology Mapping
---------------------------------------------------------------------------------
---------------------------------------------------------------------------------
Finished Technology Mapping : Time (s): cpu = 00:00:23 ; elapsed = 00:00:26 . Memory (MB): peak = 773.488 ; gain = 516.516
---------------------------------------------------------------------------------

Report RTL Partitions: 
+-+--------------+------------+----------+
| |RTL Partition |Replication |Instances |
+-+--------------+------------+----------+
+-+--------------+------------+----------+
---------------------------------------------------------------------------------
Start IO Insertion
---------------------------------------------------------------------------------
---------------------------------------------------------------------------------
Start Flattening Before IO Insertion
---------------------------------------------------------------------------------
---------------------------------------------------------------------------------
Finished Flattening Before IO Insertion
---------------------------------------------------------------------------------
---------------------------------------------------------------------------------
Start Final Netlist Cleanup
---------------------------------------------------------------------------------
---------------------------------------------------------------------------------
Finished Final Netlist Cleanup
---------------------------------------------------------------------------------
---------------------------------------------------------------------------------
Finished IO Insertion : Time (s): cpu = 00:00:24 ; elapsed = 00:00:27 . Memory (MB): peak = 773.488 ; gain = 516.516
---------------------------------------------------------------------------------

Report Check Netlist: 
+------+------------------+-------+---------+-------+------------------+
|      |Item              |Errors |Warnings |Status |Description       |
+------+------------------+-------+---------+-------+------------------+
|1     |multi_driven_nets |      0|        0|Passed |Multi driven nets |
+------+------------------+-------+---------+-------+------------------+
---------------------------------------------------------------------------------
Start Renaming Generated Instances
---------------------------------------------------------------------------------
---------------------------------------------------------------------------------
Finished Renaming Generated Instances : Time (s): cpu = 00:00:24 ; elapsed = 00:00:27 . Memory (MB): peak = 773.488 ; gain = 516.516
---------------------------------------------------------------------------------

Report RTL Partitions: 
+-+--------------+------------+----------+
| |RTL Partition |Replication |Instances |
+-+--------------+------------+----------+
+-+--------------+------------+----------+
---------------------------------------------------------------------------------
Start Rebuilding User Hierarchy
---------------------------------------------------------------------------------
---------------------------------------------------------------------------------
Finished Rebuilding User Hierarchy : Time (s): cpu = 00:00:24 ; elapsed = 00:00:27 . Memory (MB): peak = 773.488 ; gain = 516.516
---------------------------------------------------------------------------------
---------------------------------------------------------------------------------
Start Renaming Generated Ports
---------------------------------------------------------------------------------
---------------------------------------------------------------------------------
Finished Renaming Generated Ports : Time (s): cpu = 00:00:24 ; elapsed = 00:00:27 . Memory (MB): peak = 773.488 ; gain = 516.516
---------------------------------------------------------------------------------
---------------------------------------------------------------------------------
Start Handling Custom Attributes
---------------------------------------------------------------------------------
---------------------------------------------------------------------------------
Finished Handling Custom Attributes : Time (s): cpu = 00:00:24 ; elapsed = 00:00:27 . Memory (MB): peak = 773.488 ; gain = 516.516
---------------------------------------------------------------------------------
---------------------------------------------------------------------------------
Start Renaming Generated Nets
---------------------------------------------------------------------------------
---------------------------------------------------------------------------------
Finished Renaming Generated Nets : Time (s): cpu = 00:00:24 ; elapsed = 00:00:27 . Memory (MB): peak = 773.488 ; gain = 516.516
---------------------------------------------------------------------------------
---------------------------------------------------------------------------------
Start Writing Synthesis Report
---------------------------------------------------------------------------------

Report BlackBoxes: 
+-+--------------+----------+
| |BlackBox name |Instances |
+-+--------------+----------+
+-+--------------+----------+

Report Cell Usage: 
+------+-------+------+
|      |Cell   |Count |
+------+-------+------+
|1     |BUFG   |     2|
|2     |CARRY4 |    15|
|3     |LUT1   |     4|
|4     |LUT2   |    39|
|5     |LUT3   |    34|
|6     |LUT4   |    20|
|7     |LUT5   |    33|
|8     |LUT6   |    89|
|9     |FDRE   |   146|
|10    |FDRE_1 |    31|
|11    |FDSE_1 |     1|
|12    |IBUF   |     4|
|13    |OBUF   |    21|
|14    |OBUFT  |     5|
+------+-------+------+

Report Instance Areas: 
+------+-------------+--------------+------+
|      |Instance     |Module        |Cells |
+------+-------------+--------------+------+
|1     |top          |              |   444|
|2     |  dbounceC   |SPO           |     7|
|3     |    flip1    |dFlip         |     2|
|4     |    flip2    |dFlip_0       |     1|
|5     |    flip3    |dFlip_1       |     2|
|6     |    flip4    |dFlip_2       |     2|
|7     |  display    |Oled_Display  |   292|
|8     |  microphone |Audio_Capture |    77|
+------+-------------+--------------+------+
---------------------------------------------------------------------------------
Finished Writing Synthesis Report : Time (s): cpu = 00:00:24 ; elapsed = 00:00:27 . Memory (MB): peak = 773.488 ; gain = 516.516
---------------------------------------------------------------------------------
Synthesis finished with 0 errors, 0 critical warnings and 25 warnings.
Synthesis Optimization Runtime : Time (s): cpu = 00:00:14 ; elapsed = 00:00:19 . Memory (MB): peak = 773.488 ; gain = 215.082
Synthesis Optimization Complete : Time (s): cpu = 00:00:24 ; elapsed = 00:00:27 . Memory (MB): peak = 773.488 ; gain = 516.516
INFO: [Project 1-571] Translating synthesized netlist
INFO: [Netlist 29-17] Analyzing 51 Unisim elements for replacement
INFO: [Netlist 29-28] Unisim Transformation completed in 0 CPU seconds
INFO: [Project 1-570] Preparing netlist for logic optimization
INFO: [Opt 31-138] Pushed 0 inverter(s) to 0 load pin(s).
INFO: [Project 1-111] Unisim Transformation Summary:
  A total of 32 instances were transformed.
  FDRE_1 => FDRE (inverted pins: C): 31 instances
  FDSE_1 => FDSE (inverted pins: C): 1 instances

INFO: [Common 17-83] Releasing license: Synthesis
44 Infos, 61 Warnings, 10 Critical Warnings and 0 Errors encountered.
synth_design completed successfully
synth_design: Time (s): cpu = 00:00:25 ; elapsed = 00:00:29 . Memory (MB): peak = 773.488 ; gain = 529.664
WARNING: [Constraints 18-5210] No constraint will be written out.
INFO: [Common 17-1381] The checkpoint 'C:/Users/rondayvoo/Documents/Vivado/SoundDisplay/SoundDisplay.runs/synth_1/Top_Student.dcp' has been generated.
INFO: [runtcl-4] Executing : report_utilization -file Top_Student_utilization_synth.rpt -pb Top_Student_utilization_synth.pb
report_utilization: Time (s): cpu = 00:00:00 ; elapsed = 00:00:00.034 . Memory (MB): peak = 773.488 ; gain = 0.000
INFO: [Common 17-206] Exiting Vivado at Tue Mar  9 01:19:03 2021...
